=== START tela_produtos ===

=== START tela_produtos ===
APP_DIR=c:\Users\User\Desktop\Pyton\OrdemProducao
BASE_DIR=C:\Users\User\Desktop\Pyton\OrdemProducao
sys.executable=C:\Users\User\AppData\Local\Microsoft\WindowsApps\PythonSoftwareFoundation.Python.3.12_qbz5n2kfra8p0\python.exe
argv0=c:\Users\User\Desktop\Pyton\OrdemProducao\tela_produtos.py
WM_DELETE_WINDOW: acionado
MENU: iniciado -> c:\Users\User\Desktop\Pyton\OrdemProducao\menu_principal.py
WM_DELETE_WINDOW: abrir_menu_principal() -> True
=== START tela_produtos ===
APP_DIR=c:\Users\User\Desktop\Pyton\OrdemProducao
BASE_DIR=C:\Users\User\Desktop\Pyton\OrdemProducao
sys.executable=C:\Users\User\AppData\Local\Microsoft\WindowsApps\PythonSoftwareFoundation.Python.3.12_qbz5n2kfra8p0\python.exe
argv0=c:\Users\User\Desktop\Pyton\OrdemProducao\tela_produtos.py
WM_DELETE_WINDOW: acionado
MENU: iniciado -> c:\Users\User\Desktop\Pyton\OrdemProducao\menu_principal.py
WM_DELETE_WINDOW: abrir_menu_principal() -> True
=== START tela_produtos ===
APP_DIR=c:\Users\User\Desktop\Pyton\OrdemProducao
BASE_DIR=C:\Users\User\Desktop\Pyton\OrdemProducao
sys.executable=C:\Users\User\AppData\Local\Microsoft\WindowsApps\PythonSoftwareFoundation.Python.3.12_qbz5n2kfra8p0\python.exe
argv0=c:\Users\User\Desktop\Pyton\OrdemProducao\tela_produtos.py
WM_DELETE_WINDOW: acionado
MENU: iniciado -> c:\Users\User\Desktop\Pyton\OrdemProducao\menu_principal.py
WM_DELETE_WINDOW: abrir_menu_principal() -> True
=== START tela_produtos ===
APP_DIR=c:\Users\User\Desktop\Pyton\OrdemProducao
BASE_DIR=C:\Users\User\Desktop\Pyton\OrdemProducao
sys.executable=C:\Users\User\AppData\Local\Microsoft\WindowsApps\PythonSoftwareFoundation.Python.3.12_qbz5n2kfra8p0\pythonw.exe
argv0=c:\Users\User\Desktop\Pyton\OrdemProducao\tela_produtos.py
WM_DELETE_WINDOW: acionado
MENU: iniciado -> c:\Users\User\Desktop\Pyton\OrdemProducao\menu_principal.py
WM_DELETE_WINDOW: abrir_menu_principal() -> True
=== START tela_produtos ===
APP_DIR=c:\Users\User\Desktop\Pyton\OrdemProducao
BASE_DIR=C:\Users\User\Desktop\Pyton\OrdemProducao
sys.executable=C:\Users\User\AppData\Local\Microsoft\WindowsApps\PythonSoftwareFoundation.Python.3.12_qbz5n2kfra8p0\pythonw.exe
argv0=c:\Users\User\Desktop\Pyton\OrdemProducao\tela_produtos.py
WM_DELETE_WINDOW: acionado
MENU: iniciado -> c:\Users\User\Desktop\Pyton\OrdemProducao\menu_principal.py
WM_DELETE_WINDOW: abrir_menu_principal() -> True
=== START tela_produtos ===
APP_DIR=c:\Users\User\Desktop\Pyton\OrdemProducao
BASE_DIR=C:\Users\User\Desktop\Pyton\OrdemProducao
sys.executable=C:\Users\User\AppData\Local\Microsoft\WindowsApps\PythonSoftwareFoundation.Python.3.12_qbz5n2kfra8p0\pythonw.exe
argv0=c:\Users\User\Desktop\Pyton\OrdemProducao\tela_produtos.py
WM_DELETE_WINDOW: acionado
MENU: iniciado -> c:\Users\User\Desktop\Pyton\OrdemProducao\menu_principal.py
WM_DELETE_WINDOW: abrir_menu_principal() -> True
=== START tela_produtos ===
APP_DIR=c:\Users\User\Desktop\Pyton\OrdemProducao
BASE_DIR=C:\Users\User\Desktop\Pyton\OrdemProducao
sys.executable=C:\Users\User\AppData\Local\Microsoft\WindowsApps\PythonSoftwareFoundation.Python.3.12_qbz5n2kfra8p0\pythonw.exe
argv0=c:\Users\User\Desktop\Pyton\OrdemProducao\tela_produtos.py
WM_DELETE_WINDOW: acionado
MENU: iniciado -> c:\Users\User\Desktop\Pyton\OrdemProducao\menu_principal.py
WM_DELETE_WINDOW: abrir_menu_principal() -> True
=== START tela_produtos ===
APP_DIR=c:\Users\User\Desktop\Pyton\OrdemProducao
BASE_DIR=C:\Users\User\Desktop\Pyton\OrdemProducao
sys.executable=C:\Users\User\AppData\Local\Microsoft\WindowsApps\PythonSoftwareFoundation.Python.3.12_qbz5n2kfra8p0\pythonw.exe
argv0=c:\Users\User\Desktop\Pyton\OrdemProducao\tela_produtos.py
WM_DELETE_WINDOW: acionado
MENU: iniciado -> c:\Users\User\Desktop\Pyton\OrdemProducao\menu_principal.py
WM_DELETE_WINDOW: abrir_menu_principal() -> True
=== START tela_produtos ===
APP_DIR=c:\Users\User\Desktop\Pyton\OrdemProducao
BASE_DIR=C:\Users\User\Desktop\Pyton\OrdemProducao
sys.executable=C:\Users\User\AppData\Local\Microsoft\WindowsApps\PythonSoftwareFoundation.Python.3.12_qbz5n2kfra8p0\pythonw.exe
argv0=c:\Users\User\Desktop\Pyton\OrdemProducao\tela_produtos.py
WM_DELETE_WINDOW: acionado
MENU: iniciado -> c:\Users\User\Desktop\Pyton\OrdemProducao\menu_principal.py
WM_DELETE_WINDOW: abrir_menu_principal() -> True
=== START tela_produtos ===
APP_DIR=c:\Users\User\Desktop\Pyton\OrdemProducao
BASE_DIR=C:\Users\User\Desktop\Pyton\OrdemProducao
sys.executable=C:\Users\User\AppData\Local\Microsoft\WindowsApps\PythonSoftwareFoundation.Python.3.12_qbz5n2kfra8p0\pythonw.exe
argv0=c:\Users\User\Desktop\Pyton\OrdemProducao\tela_produtos.py
WM_DELETE_WINDOW: acionado
MENU: iniciado -> c:\Users\User\Desktop\Pyton\OrdemProducao\menu_principal.py
WM_DELETE_WINDOW: abrir_menu_principal() -> True
=== START tela_produtos ===
APP_DIR=c:\Users\User\Desktop\Pyton\OrdemProducao
BASE_DIR=C:\Users\User\Desktop\Pyton\OrdemProducao
sys.executable=C:\Users\User\AppData\Local\Microsoft\WindowsApps\PythonSoftwareFoundation.Python.3.12_qbz5n2kfra8p0\pythonw.exe
argv0=c:\Users\User\Desktop\Pyton\OrdemProducao\tela_produtos.py
WM_DELETE_WINDOW: acionado
MENU: iniciado -> c:\Users\User\Desktop\Pyton\OrdemProducao\menu_principal.py
WM_DELETE_WINDOW: abrir_menu_principal() -> True
=== START tela_produtos ===
APP_DIR=c:\Users\User\Desktop\Pyton\OrdemProducao
BASE_DIR=C:\Users\User\Desktop\Pyton\OrdemProducao
sys.executable=C:\Users\User\AppData\Local\Microsoft\WindowsApps\PythonSoftwareFoundation.Python.3.12_qbz5n2kfra8p0\pythonw.exe
argv0=c:\Users\User\Desktop\Pyton\OrdemProducao\tela_produtos.py
WM_DELETE_WINDOW: acionado
MENU: iniciado -> c:\Users\User\Desktop\Pyton\OrdemProducao\menu_principal.py
WM_DELETE_WINDOW: abrir_menu_principal() -> True
=== START tela_produtos ===
APP_DIR=c:\Users\User\Desktop\Pyton\OrdemProducao
BASE_DIR=C:\Users\User\Desktop\Pyton\OrdemProducao
sys.executable=C:\Users\User\AppData\Local\Microsoft\WindowsApps\PythonSoftwareFoundation.Python.3.12_qbz5n2kfra8p0\pythonw.exe
argv0=c:\Users\User\Desktop\Pyton\OrdemProducao\tela_produtos.py
WM_DELETE_WINDOW: acionado
MENU: iniciado -> c:\Users\User\Desktop\Pyton\OrdemProducao\menu_principal.py
WM_DELETE_WINDOW: abrir_menu_principal() -> True
=== START tela_produtos ===
APP_DIR=c:\Users\User\Desktop\Pyton\OrdemProducao
BASE_DIR=C:\Users\User\Desktop\Pyton\OrdemProducao
sys.executable=C:\Users\User\AppData\Local\Microsoft\WindowsApps\PythonSoftwareFoundation.Python.3.12_qbz5n2kfra8p0\pythonw.exe
argv0=c:\Users\User\Desktop\Pyton\OrdemProducao\tela_produtos.py
WM_DELETE_WINDOW: acionado
MENU: iniciado -> c:\Users\User\Desktop\Pyton\OrdemProducao\menu_principal.py
WM_DELETE_WINDOW: abrir_menu_principal() -> True
=== START tela_produtos ===
APP_DIR=c:\Users\User\Desktop\Pyton\OrdemProducao
BASE_DIR=C:\Users\User\Desktop\Pyton\OrdemProducao
sys.executable=C:\Users\User\AppData\Local\Microsoft\WindowsApps\PythonSoftwareFoundation.Python.3.12_qbz5n2kfra8p0\pythonw.exe
argv0=c:\Users\User\Desktop\Pyton\OrdemProducao\tela_produtos.py
WM_DELETE_WINDOW: acionado
MENU: iniciado -> c:\Users\User\Desktop\Pyton\OrdemProducao\menu_principal.py
WM_DELETE_WINDOW: abrir_menu_principal() -> True
=== START tela_produtos ===
APP_DIR=c:\Users\User\Desktop\Pyton\OrdemProducao
BASE_DIR=C:\Users\User\Desktop\Pyton\OrdemProducao
sys.executable=C:\Users\User\AppData\Local\Microsoft\WindowsApps\PythonSoftwareFoundation.Python.3.12_qbz5n2kfra8p0\pythonw.exe
argv0=c:\Users\User\Desktop\Pyton\OrdemProducao\tela_produtos.py
WM_DELETE_WINDOW: acionado
MENU: iniciado -> c:\Users\User\Desktop\Pyton\OrdemProducao\menu_principal.py
WM_DELETE_WINDOW: abrir_menu_principal() -> True
=== START tela_produtos ===
APP_DIR=c:\Users\User\Desktop\Pyton\OrdemProducao
BASE_DIR=C:\Users\User\Desktop\Pyton\OrdemProducao
sys.executable=C:\Users\User\AppData\Local\Microsoft\WindowsApps\PythonSoftwareFoundation.Python.3.12_qbz5n2kfra8p0\pythonw.exe
argv0=c:\Users\User\Desktop\Pyton\OrdemProducao\tela_produtos.py
WM_DELETE_WINDOW: acionado
MENU: iniciado -> c:\Users\User\Desktop\Pyton\OrdemProducao\menu_principal.py
WM_DELETE_WINDOW: abrir_menu_principal() -> True
=== START tela_produtos ===
APP_DIR=c:\Users\User\Desktop\Pyton\OrdemProducao
BASE_DIR=C:\Users\User\Desktop\Pyton\OrdemProducao
sys.executable=C:\Users\User\AppData\Local\Microsoft\WindowsApps\PythonSoftwareFoundation.Python.3.12_qbz5n2kfra8p0\pythonw.exe
argv0=c:\Users\User\Desktop\Pyton\OrdemProducao\tela_produtos.py
WM_DELETE_WINDOW: acionado
MENU: iniciado -> c:\Users\User\Desktop\Pyton\OrdemProducao\menu_principal.py
WM_DELETE_WINDOW: abrir_menu_principal() -> True
=== START tela_produtos ===
APP_DIR=c:\Users\User\Desktop\Pyton\OrdemProducao
BASE_DIR=C:\Users\User\Desktop\Pyton\OrdemProducao
sys.executable=C:\Users\User\AppData\Local\Microsoft\WindowsApps\PythonSoftwareFoundation.Python.3.12_qbz5n2kfra8p0\python.exe
argv0=c:\Users\User\Desktop\Pyton\OrdemProducao\tela_produtos.py
WM_DELETE_WINDOW: acionado
MENU: iniciado -> c:\Users\User\Desktop\Pyton\OrdemProducao\menu_principal.py
WM_DELETE_WINDOW: abrir_menu_principal() -> True
=== START tela_produtos ===
APP_DIR=c:\Users\User\Desktop\Pyton\OrdemProducao
BASE_DIR=C:\Users\User\Desktop\Pyton\OrdemProducao
sys.executable=C:\Users\User\AppData\Local\Microsoft\WindowsApps\PythonSoftwareFoundation.Python.3.12_qbz5n2kfra8p0\python.exe
argv0=c:\Users\User\Desktop\Pyton\OrdemProducao\tela_produtos.py
WM_DELETE_WINDOW: acionado
MENU: iniciado -> c:\Users\User\Desktop\Pyton\OrdemProducao\menu_principal.py
WM_DELETE_WINDOW: abrir_menu_principal_skip_entrada() -> True
=== START tela_produtos ===
APP_DIR=c:\Users\User\Desktop\Pyton\OrdemProducao
BASE_DIR=C:\Users\User\Desktop\Pyton\OrdemProducao
sys.executable=C:\Users\User\AppData\Local\Microsoft\WindowsApps\PythonSoftwareFoundation.Python.3.12_qbz5n2kfra8p0\python.exe
argv0=c:\Users\User\Desktop\Pyton\OrdemProducao\tela_produtos.py
WM_DELETE_WINDOW: acionado
MENU: iniciado -> c:\Users\User\Desktop\Pyton\OrdemProducao\menu_principal.py
WM_DELETE_WINDOW: abrir_menu_principal_skip_entrada() -> True
=== START tela_produtos ===
APP_DIR=c:\Users\User\Desktop\Pyton\OrdemProducao
BASE_DIR=C:\Users\User\Desktop\Pyton\OrdemProducao
sys.executable=C:\Users\User\AppData\Local\Microsoft\WindowsApps\PythonSoftwareFoundation.Python.3.12_qbz5n2kfra8p0\python.exe
argv0=c:\Users\User\Desktop\Pyton\OrdemProducao\tela_produtos.py
WM_DELETE_WINDOW: acionado
MENU: iniciado -> c:\Users\User\Desktop\Pyton\OrdemProducao\menu_principal.py
WM_DELETE_WINDOW: abrir_menu_principal_skip_entrada() -> True
=== START tela_produtos ===
APP_DIR=c:\Users\User\Desktop\Pyton\OrdemProducao
BASE_DIR=C:\Users\User\Desktop\Pyton\OrdemProducao
sys.executable=C:\Users\User\AppData\Local\Microsoft\WindowsApps\PythonSoftwareFoundation.Python.3.12_qbz5n2kfra8p0\pythonw.exe
argv0=c:\Users\User\Desktop\Pyton\OrdemProducao\tela_produtos.py
WM_DELETE_WINDOW: acionado
MENU: iniciado -> c:\Users\User\Desktop\Pyton\OrdemProducao\menu_principal.py
WM_DELETE_WINDOW: abrir_menu_principal_skip_entrada() -> True
=== START tela_produtos ===
APP_DIR=c:\Users\User\Desktop\Pyton\OrdemProducao
BASE_DIR=C:\Users\User\Desktop\Pyton\OrdemProducao
sys.executable=C:\Users\User\AppData\Local\Microsoft\WindowsApps\PythonSoftwareFoundation.Python.3.12_qbz5n2kfra8p0\pythonw.exe
argv0=c:\Users\User\Desktop\Pyton\OrdemProducao\tela_produtos.py
WM_DELETE_WINDOW: acionado
MENU: iniciado -> c:\Users\User\Desktop\Pyton\OrdemProducao\menu_principal.py
WM_DELETE_WINDOW: abrir_menu_principal_skip_entrada() -> True
=== START tela_produtos ===
APP_DIR=c:\Users\User\Desktop\Pyton\OrdemProducao
BASE_DIR=C:\Users\User\Desktop\Pyton\OrdemProducao
sys.executable=C:\Users\User\AppData\Local\Microsoft\WindowsApps\PythonSoftwareFoundation.Python.3.12_qbz5n2kfra8p0\pythonw.exe
argv0=c:\Users\User\Desktop\Pyton\OrdemProducao\tela_produtos.py
WM_DELETE_WINDOW: acionado
MENU: iniciado -> c:\Users\User\Desktop\Pyton\OrdemProducao\menu_principal.py
WM_DELETE_WINDOW: abrir_menu_principal_skip_entrada() -> True
=== START tela_produtos ===
APP_DIR=c:\Users\User\Desktop\Pyton\OrdemProducao
BASE_DIR=C:\Users\User\Desktop\Pyton\OrdemProducao
sys.executable=C:\Users\User\AppData\Local\Microsoft\WindowsApps\PythonSoftwareFoundation.Python.3.12_qbz5n2kfra8p0\pythonw.exe
argv0=c:\Users\User\Desktop\Pyton\OrdemProducao\tela_produtos.py
WM_DELETE_WINDOW: acionado
MENU: iniciado -> c:\Users\User\Desktop\Pyton\OrdemProducao\menu_principal.py
WM_DELETE_WINDOW: abrir_menu_principal_skip_entrada() -> True
=== START tela_produtos ===
APP_DIR=c:\Users\User\Desktop\Pyton\OrdemProducao
BASE_DIR=C:\Users\User\Desktop\Pyton\OrdemProducao
sys.executable=C:\Users\User\AppData\Local\Microsoft\WindowsApps\PythonSoftwareFoundation.Python.3.12_qbz5n2kfra8p0\pythonw.exe
argv0=c:\Users\User\Desktop\Pyton\OrdemProducao\tela_produtos.py
WM_DELETE_WINDOW: acionado
MENU: iniciado -> c:\Users\User\Desktop\Pyton\OrdemProducao\menu_principal.py
WM_DELETE_WINDOW: abrir_menu_principal_skip_entrada() -> True
=== START tela_produtos ===
APP_DIR=c:\Users\User\Desktop\Pyton\OrdemProducao
BASE_DIR=C:\Users\User\Desktop\Pyton\OrdemProducao
sys.executable=C:\Users\User\AppData\Local\Microsoft\WindowsApps\PythonSoftwareFoundation.Python.3.12_qbz5n2kfra8p0\pythonw.exe
argv0=c:\Users\User\Desktop\Pyton\OrdemProducao\tela_produtos.py
WM_DELETE_WINDOW: acionado
MENU: iniciado -> c:\Users\User\Desktop\Pyton\OrdemProducao\menu_principal.py
WM_DELETE_WINDOW: abrir_menu_principal_skip_entrada() -> True
