TABELA OK: "Ekenox"."fornecedor"
MENU: iniciado -> ['C:\\Users\\User\\AppData\\Local\\Microsoft\\WindowsApps\\PythonSoftwareFoundation.Python.3.12_qbz5n2kfra8p0\\pythonw.exe', 'c:\\Users\\User\\Desktop\\Pyton\\OrdemProducao\\menu_principal.py', '--skip-entrada']
TABELA OK: "Ekenox"."fornecedor"
FATAL: TclError: Invalid column index numeroDocumentaca
TABELA OK: "Ekenox"."fornecedor"
MENU: iniciado -> ['C:\\Users\\User\\AppData\\Local\\Microsoft\\WindowsApps\\PythonSoftwareFoundation.Python.3.12_qbz5n2kfra8p0\\pythonw.exe', 'c:\\Users\\User\\Desktop\\Pyton\\OrdemProducao\\menu_principal.py', '--skip-entrada']
TABELA OK: "Ekenox"."fornecedor"
MENU: iniciado -> ['C:\\Users\\User\\AppData\\Local\\Microsoft\\WindowsApps\\PythonSoftwareFoundation.Python.3.12_qbz5n2kfra8p0\\pythonw.exe', 'c:\\Users\\User\\Desktop\\Pyton\\OrdemProducao\\menu_principal.py', '--skip-entrada']
TABELA OK: "Ekenox"."fornecedor"
MENU: iniciado -> ['C:\\Users\\User\\AppData\\Local\\Microsoft\\WindowsApps\\PythonSoftwareFoundation.Python.3.12_qbz5n2kfra8p0\\pythonw.exe', 'c:\\Users\\User\\Desktop\\Pyton\\OrdemProducao\\menu_principal.py', '--skip-entrada']
TABELA OK: "Ekenox"."fornecedor"
MENU: iniciado -> ['C:\\Users\\User\\AppData\\Local\\Microsoft\\WindowsApps\\PythonSoftwareFoundation.Python.3.12_qbz5n2kfra8p0\\pythonw.exe', 'c:\\Users\\User\\Desktop\\Pyton\\OrdemProducao\\menu_principal.py', '--skip-entrada']
TABELA OK: "Ekenox"."fornecedor"
COLUNA OK: "Ekenox"."fornecedor"."numeroDocumentacao"
MENU: iniciado -> ['C:\\Users\\User\\AppData\\Local\\Microsoft\\WindowsApps\\PythonSoftwareFoundation.Python.3.12_qbz5n2kfra8p0\\pythonw.exe', 'c:\\Users\\User\\Desktop\\Pyton\\OrdemProducao\\menu_principal.py', '--skip-entrada']
TABELA OK: "Ekenox"."fornecedor"
COLUNA OK: "Ekenox"."fornecedor"."numeroDocumentacao"
MENU: iniciado -> ['C:\\Users\\User\\AppData\\Local\\Microsoft\\WindowsApps\\PythonSoftwareFoundation.Python.3.12_qbz5n2kfra8p0\\pythonw.exe', 'c:\\Users\\User\\Desktop\\Pyton\\OrdemProducao\\menu_principal.py', '--skip-entrada']
TABELA OK: "Ekenox"."fornecedor"
COLUNA OK: "Ekenox"."fornecedor"."numeroDocumentacao"
MENU: iniciado -> ['C:\\Users\\User\\AppData\\Local\\Microsoft\\WindowsApps\\PythonSoftwareFoundation.Python.3.12_qbz5n2kfra8p0\\pythonw.exe', 'c:\\Users\\User\\Desktop\\Pyton\\OrdemProducao\\menu_principal.py', '--skip-entrada']
TABELA OK: "Ekenox"."fornecedor"
COLUNA OK: "Ekenox"."fornecedor"."numeroDocumentacao"
MENU: iniciado -> ['C:\\Users\\User\\AppData\\Local\\Microsoft\\WindowsApps\\PythonSoftwareFoundation.Python.3.12_qbz5n2kfra8p0\\pythonw.exe', 'c:\\Users\\User\\Desktop\\Pyton\\OrdemProducao\\menu_principal.py', '--skip-entrada']
TABELA OK: "Ekenox"."fornecedor"
COLUNA OK: "Ekenox"."fornecedor"."numeroDocumentacao"
MENU: iniciado -> ['C:\\Users\\User\\AppData\\Local\\Microsoft\\WindowsApps\\PythonSoftwareFoundation.Python.3.12_qbz5n2kfra8p0\\pythonw.exe', 'c:\\Users\\User\\Desktop\\Pyton\\OrdemProducao\\menu_principal.py', '--skip-entrada']
TABELA OK: "Ekenox"."fornecedor"
COLUNA OK: "Ekenox"."fornecedor"."numeroDocumentacao"
MENU: iniciado -> ['C:\\Users\\User\\AppData\\Local\\Microsoft\\WindowsApps\\PythonSoftwareFoundation.Python.3.12_qbz5n2kfra8p0\\pythonw.exe', 'c:\\Users\\User\\Desktop\\Pyton\\OrdemProducao\\menu_principal.py', '--skip-entrada']
TABELA OK: "Ekenox"."fornecedor"
COLUNA OK: "Ekenox"."fornecedor"."numeroDocumentacao"
MENU: iniciado -> ['C:\\Users\\User\\AppData\\Local\\Microsoft\\WindowsApps\\PythonSoftwareFoundation.Python.3.12_qbz5n2kfra8p0\\pythonw.exe', 'c:\\Users\\User\\Desktop\\Pyton\\OrdemProducao\\menu_principal.py', '--skip-entrada']
TABELA OK: "Ekenox"."fornecedor"
COLUNA OK: "Ekenox"."fornecedor"."numeroDocumentacao"
MENU: iniciado -> ['C:\\Users\\User\\AppData\\Local\\Microsoft\\WindowsApps\\PythonSoftwareFoundation.Python.3.12_qbz5n2kfra8p0\\pythonw.exe', 'c:\\Users\\User\\Desktop\\Pyton\\OrdemProducao\\menu_principal.py', '--skip-entrada']
TABELA OK: "Ekenox"."fornecedor"
COLUNA OK: "Ekenox"."fornecedor"."numeroDocumentacao"
MENU: iniciado -> ['C:\\Users\\User\\AppData\\Local\\Microsoft\\WindowsApps\\PythonSoftwareFoundation.Python.3.12_qbz5n2kfra8p0\\pythonw.exe', 'c:\\Users\\User\\Desktop\\Pyton\\OrdemProducao\\menu_principal.py', '--skip-entrada']
TABELA OK: "Ekenox"."fornecedor"
COLUNA OK: "Ekenox"."fornecedor"."numeroDocumentacao"
FATAL: AttributeError: 'TelaFornecedor' object has no attribute 'salvar'
TABELA OK: "Ekenox"."fornecedor"
COLUNA OK: "Ekenox"."fornecedor"."numeroDocumentacao"
MENU: iniciado -> ['C:\\Users\\User\\AppData\\Local\\Microsoft\\WindowsApps\\PythonSoftwareFoundation.Python.3.12_qbz5n2kfra8p0\\pythonw.exe', 'c:\\Users\\User\\Desktop\\Pyton\\OrdemProducao\\menu_principal.py', '--skip-entrada']
TABELA OK: "Ekenox"."fornecedor"
COLUNA OK: "Ekenox"."fornecedor"."numeroDocumentacao"
MENU: iniciado -> ['C:\\Users\\User\\AppData\\Local\\Microsoft\\WindowsApps\\PythonSoftwareFoundation.Python.3.12_qbz5n2kfra8p0\\pythonw.exe', 'c:\\Users\\User\\Desktop\\Pyton\\OrdemProducao\\menu_principal.py', '--skip-entrada']
TABELA OK: "Ekenox"."fornecedor"
COLUNA OK: "Ekenox"."fornecedor"."numeroDocumentacao"
MENU: iniciado -> ['C:\\Users\\User\\AppData\\Local\\Microsoft\\WindowsApps\\PythonSoftwareFoundation.Python.3.12_qbz5n2kfra8p0\\pythonw.exe', 'c:\\Users\\User\\Desktop\\Pyton\\OrdemProducao\\menu_principal.py', '--skip-entrada']
TABELA OK: "Ekenox"."fornecedor"
COLUNA OK: "Ekenox"."fornecedor"."numeroDocumentacao"
MENU: iniciado -> ['C:\\Users\\User\\AppData\\Local\\Microsoft\\WindowsApps\\PythonSoftwareFoundation.Python.3.12_qbz5n2kfra8p0\\pythonw.exe', 'c:\\Users\\User\\Desktop\\Pyton\\OrdemProducao\\menu_principal.py', '--skip-entrada']
TABELA OK: "Ekenox"."fornecedor"
COLUNA OK: "Ekenox"."fornecedor"."numeroDocumentacao"
MENU: iniciado -> ['C:\\Users\\User\\AppData\\Local\\Microsoft\\WindowsApps\\PythonSoftwareFoundation.Python.3.12_qbz5n2kfra8p0\\pythonw.exe', 'c:\\Users\\User\\Desktop\\Pyton\\OrdemProducao\\menu_principal.py', '--skip-entrada']
TABELA OK: "Ekenox"."fornecedor"
COLUNA OK: "Ekenox"."fornecedor"."numeroDocumentacao"
MENU: iniciado -> ['C:\\Users\\User\\AppData\\Local\\Microsoft\\WindowsApps\\PythonSoftwareFoundation.Python.3.12_qbz5n2kfra8p0\\pythonw.exe', 'c:\\Users\\User\\Desktop\\Pyton\\OrdemProducao\\menu_principal.py', '--skip-entrada']
TABELA OK: "Ekenox"."fornecedor"
COLUNA OK: "Ekenox"."fornecedor"."numeroDocumentacao"
MENU: iniciado -> ['C:\\Users\\User\\AppData\\Local\\Microsoft\\WindowsApps\\PythonSoftwareFoundation.Python.3.12_qbz5n2kfra8p0\\pythonw.exe', 'c:\\Users\\User\\Desktop\\Pyton\\OrdemProducao\\menu_principal.py', '--skip-entrada']
TABELA OK: "Ekenox"."fornecedor"
COLUNA OK: "Ekenox"."fornecedor"."numeroDocumentacao"
MENU: iniciado -> ['C:\\Users\\User\\AppData\\Local\\Microsoft\\WindowsApps\\PythonSoftwareFoundation.Python.3.12_qbz5n2kfra8p0\\pythonw.exe', 'c:\\Users\\User\\Desktop\\Pyton\\OrdemProducao\\menu_principal.py', '--skip-entrada']
TABELA OK: "Ekenox"."fornecedor"
COLUNA OK: "Ekenox"."fornecedor"."numeroDocumentacao"
MENU: iniciado -> ['C:\\Users\\User\\AppData\\Local\\Microsoft\\WindowsApps\\PythonSoftwareFoundation.Python.3.12_qbz5n2kfra8p0\\pythonw.exe', 'c:\\Users\\User\\Desktop\\Pyton\\OrdemProducao\\menu_principal.py', '--skip-entrada']
TABELA OK: "Ekenox"."fornecedor"
COLUNA OK: "Ekenox"."fornecedor"."numeroDocumentacao"
MENU: iniciado -> ['C:\\Users\\User\\AppData\\Local\\Microsoft\\WindowsApps\\PythonSoftwareFoundation.Python.3.12_qbz5n2kfra8p0\\pythonw.exe', 'c:\\Users\\User\\Desktop\\Pyton\\OrdemProducao\\menu_principal.py', '--skip-entrada']
TABELA OK: "Ekenox"."fornecedor"
COLUNA OK: "Ekenox"."fornecedor"."numeroDocumentacao"
MENU: iniciado -> ['C:\\Users\\User\\AppData\\Local\\Microsoft\\WindowsApps\\PythonSoftwareFoundation.Python.3.12_qbz5n2kfra8p0\\pythonw.exe', 'c:\\Users\\User\\Desktop\\Pyton\\OrdemProducao\\menu_principal.py', '--skip-entrada']
TABELA OK: "Ekenox"."fornecedor"
COLUNA OK: "Ekenox"."fornecedor"."numeroDocumentacao"
MENU: iniciado -> ['C:\\Users\\User\\AppData\\Local\\Microsoft\\WindowsApps\\PythonSoftwareFoundation.Python.3.12_qbz5n2kfra8p0\\pythonw.exe', 'c:\\Users\\User\\Desktop\\Pyton\\OrdemProducao\\menu_principal.py', '--skip-entrada']
TABELA OK: "Ekenox"."fornecedor"
COLUNA OK: "Ekenox"."fornecedor"."numeroDocumentacao"
MENU: iniciado -> ['C:\\Users\\User\\AppData\\Local\\Microsoft\\WindowsApps\\PythonSoftwareFoundation.Python.3.12_qbz5n2kfra8p0\\pythonw.exe', 'c:\\Users\\User\\Desktop\\Pyton\\OrdemProducao\\menu_principal.py', '--skip-entrada']
