MENU: iniciado -> ['C:\\Users\\User\\AppData\\Local\\Microsoft\\WindowsApps\\PythonSoftwareFoundation.Python.3.12_qbz5n2kfra8p0\\pythonw.exe', 'c:\\Users\\User\\Desktop\\Pyton\\OrdemProducao\\menu_principal.py', '--skip-entrada']
MENU: iniciado -> ['C:\\Users\\User\\AppData\\Local\\Microsoft\\WindowsApps\\PythonSoftwareFoundation.Python.3.12_qbz5n2kfra8p0\\pythonw.exe', 'c:\\Users\\User\\Desktop\\Pyton\\OrdemProducao\\menu_principal.py', '--skip-entrada']
MENU: iniciado -> ['C:\\Users\\User\\AppData\\Local\\Microsoft\\WindowsApps\\PythonSoftwareFoundation.Python.3.12_qbz5n2kfra8p0\\pythonw.exe', 'c:\\Users\\User\\Desktop\\Pyton\\OrdemProducao\\menu_principal.py', '--skip-entrada']
MENU: iniciado -> ['C:\\Users\\User\\AppData\\Local\\Microsoft\\WindowsApps\\PythonSoftwareFoundation.Python.3.12_qbz5n2kfra8p0\\pythonw.exe', 'c:\\Users\\User\\Desktop\\Pyton\\OrdemProducao\\menu_principal.py', '--skip-entrada']
MENU: iniciado -> ['C:\\Users\\User\\AppData\\Local\\Microsoft\\WindowsApps\\PythonSoftwareFoundation.Python.3.12_qbz5n2kfra8p0\\pythonw.exe', 'c:\\Users\\User\\Desktop\\Pyton\\OrdemProducao\\menu_principal.py', '--skip-entrada']
MENU: iniciado -> ['C:\\Users\\User\\AppData\\Local\\Microsoft\\WindowsApps\\PythonSoftwareFoundation.Python.3.12_qbz5n2kfra8p0\\pythonw.exe', 'c:\\Users\\User\\Desktop\\Pyton\\OrdemProducao\\menu_principal.py', '--skip-entrada']
MENU: iniciado -> ['C:\\Users\\User\\AppData\\Local\\Microsoft\\WindowsApps\\PythonSoftwareFoundation.Python.3.12_qbz5n2kfra8p0\\pythonw.exe', 'c:\\Users\\User\\Desktop\\Pyton\\OrdemProducao\\menu_principal.py', '--skip-entrada']
MENU: iniciado -> ['C:\\Users\\User\\AppData\\Local\\Microsoft\\WindowsApps\\PythonSoftwareFoundation.Python.3.12_qbz5n2kfra8p0\\pythonw.exe', 'c:\\Users\\User\\Desktop\\Pyton\\OrdemProducao\\menu_principal.py', '--skip-entrada']
MENU: iniciado -> ['C:\\Users\\User\\AppData\\Local\\Microsoft\\WindowsApps\\PythonSoftwareFoundation.Python.3.12_qbz5n2kfra8p0\\pythonw.exe', 'c:\\Users\\User\\Desktop\\Pyton\\OrdemProducao\\menu_principal.py', '--skip-entrada']
MENU: iniciado -> ['C:\\Users\\User\\AppData\\Local\\Microsoft\\WindowsApps\\PythonSoftwareFoundation.Python.3.12_qbz5n2kfra8p0\\pythonw.exe', 'c:\\Users\\User\\Desktop\\Pyton\\OrdemProducao\\menu_principal.py', '--skip-entrada']
MENU: iniciado -> ['C:\\Users\\User\\AppData\\Local\\Microsoft\\WindowsApps\\PythonSoftwareFoundation.Python.3.12_qbz5n2kfra8p0\\pythonw.exe', 'c:\\Users\\User\\Desktop\\Pyton\\OrdemProducao\\menu_principal.py', '--skip-entrada']
MENU: iniciado -> ['C:\\Users\\User\\AppData\\Local\\Microsoft\\WindowsApps\\PythonSoftwareFoundation.Python.3.12_qbz5n2kfra8p0\\pythonw.exe', 'c:\\Users\\User\\Desktop\\Pyton\\OrdemProducao\\menu_principal.py', '--skip-entrada']
MENU: iniciado -> ['C:\\Users\\User\\AppData\\Local\\Microsoft\\WindowsApps\\PythonSoftwareFoundation.Python.3.12_qbz5n2kfra8p0\\pythonw.exe', 'c:\\Users\\User\\Desktop\\Pyton\\OrdemProducao\\menu_principal.py', '--skip-entrada']
MENU: iniciado -> ['C:\\Users\\User\\AppData\\Local\\Microsoft\\WindowsApps\\PythonSoftwareFoundation.Python.3.12_qbz5n2kfra8p0\\pythonw.exe', 'c:\\Users\\User\\Desktop\\Pyton\\OrdemProducao\\menu_principal.py', '--skip-entrada']
MENU: iniciado -> ['C:\\Users\\User\\AppData\\Local\\Microsoft\\WindowsApps\\PythonSoftwareFoundation.Python.3.12_qbz5n2kfra8p0\\pythonw.exe', 'c:\\Users\\User\\Desktop\\Pyton\\OrdemProducao\\menu_principal.py', '--skip-entrada']
MENU: iniciado -> ['C:\\Users\\User\\AppData\\Local\\Microsoft\\WindowsApps\\PythonSoftwareFoundation.Python.3.12_qbz5n2kfra8p0\\pythonw.exe', 'c:\\Users\\User\\Desktop\\Pyton\\OrdemProducao\\menu_principal.py', '--skip-entrada']
ACESSO: não consegui resolver nível. user_id=None user_hash=None. Aplicando fallback leitura=1.
ACESSO: programa=ARRANJO nivel=1 origem=fallback_leitura usuario=None
MENU: iniciado -> ['C:\\Users\\User\\AppData\\Local\\Microsoft\\WindowsApps\\PythonSoftwareFoundation.Python.3.12_qbz5n2kfra8p0\\pythonw.exe', 'c:\\Users\\User\\Desktop\\Pyton\\OrdemProducao\\menu_principal.py', '--skip-entrada']
ACESSO: não consegui resolver nível. user_id=None user_hash=None. Aplicando fallback leitura=1.
ACESSO: programa=ARRANJO nivel=1 origem=fallback_leitura usuario=None
MENU: iniciado -> ['C:\\Users\\User\\AppData\\Local\\Microsoft\\WindowsApps\\PythonSoftwareFoundation.Python.3.12_qbz5n2kfra8p0\\pythonw.exe', 'c:\\Users\\User\\Desktop\\Pyton\\OrdemProducao\\menu_principal.py', '--skip-entrada']
ACESSO: não consegui resolver nível. user_id=None user_hash=None. Aplicando fallback leitura=1.
ACESSO: programa=ARRANJO nivel=1 origem=fallback_leitura usuario=None
ACESSO: não consegui resolver nível. user_id=None user_hash=None. Aplicando fallback leitura=1.
ACESSO: programa=ARRANJO nivel=1 origem=fallback_leitura usuario=None
ACESSO: não consegui resolver nível. user_id=None user_hash=None. Aplicando fallback leitura=1.
ACESSO: programa=ARRANJO nivel=1 origem=fallback_leitura usuario=None
ACESSO: não consegui resolver nível. user_id=None user_hash=None
ACESSO: não consegui resolver nível. user_id=None user_hash=None
ACESSO: não consegui resolver nível. user_id=None user_hash=None
ACESSO: não consegui resolver nível. user_id=None user_hash=None
ACESSO: não consegui resolver nível. user_id=None user_hash=None
SESSAO: não consegui resolver user_id por arquivos/ENV.
ACESSO: não resolvido. user_id_raw=None user_hash=None user_id=None
SESSAO: não consegui resolver user_id por arquivos/ENV.
ACESSO: não resolvido. user_id_raw=None user_hash=None user_id=None
SESSAO: não consegui resolver user_id por arquivos/ENV.
ACESSO: não resolvido. user_id_raw=None user_hash=None user_id=None
SESSAO: não consegui resolver user_id por arquivos/ENV.
ACESSO: não resolvido. user_id_raw=None user_hash=None user_id=None
SESSAO: não consegui resolver user_id por arquivos/ENV.
ACESSO: não resolvido. user_id_raw=None user_hash=None user_id=None
SESSAO: não consegui resolver user_id por arquivos/ENV.
ACESSO: não resolvido. user_id_raw=None user_hash=None user_id=None
SESSAO: não consegui resolver user_id por arquivos/ENV.
ACESSO: não resolvido. user_id_raw=None user_hash=None user_id=None
SESSAO: não consegui resolver user_id por arquivos/ENV.
ACESSO: não resolvido. user_id_raw=None user_hash=None user_id=None
SESSAO: não consegui resolver user_id por arquivos/ENV.
ACESSO: não resolvido. user_id_raw=None user_hash=None user_id=None
SESSAO: não consegui resolver user_id por arquivos/ENV.
ACESSO: não resolvido. user_id_raw=None user_hash=None user_id=None
SESSAO: não consegui resolver user_id. APP_DIR=c:\Users\User\Desktop\Pyton\OrdemProducao BASE_DIR=c:\Users\User\Desktop\Pyton\OrdemProducao
ACESSO: não resolvido. user_id=None user_hash=None user_id_raw=
SESSAO: não consegui resolver user_id. APP_DIR=c:\Users\User\Desktop\Pyton\OrdemProducao BASE_DIR=c:\Users\User\Desktop\Pyton\OrdemProducao
ACESSO: não resolvido. user_id=None user_hash=None user_id_raw=
ARGV: ['c:/Users/User/Desktop/Pyton/OrdemProducao/tela_arranjo.py']
ENV: EKENOX_USER_ID=None EKENOX_USER_HASH=None
PARAMS: user_id_raw=None user_hash=None session_file=None
SESSAO: não consegui resolver user_id por arquivos/ENV.
ACESSO: não resolvido. user_id_raw=None user_hash=None user_id=None
ARGV: ['c:\\Users\\User\\Desktop\\Pyton\\OrdemProducao\\tela_arranjo.py', '--usuario-id', '1']
ENV: EKENOX_USER_ID=None EKENOX_USER_HASH=None
PARAMS: user_id_raw=None user_hash=None session_file=None
SESSAO: não consegui resolver user_id por arquivos/ENV.
ACESSO: não resolvido. user_id_raw=None user_hash=None user_id=None
ARGV: ['c:\\Users\\User\\Desktop\\Pyton\\OrdemProducao\\tela_arranjo.py', '--usuario-id', '1']
ENV: EKENOX_USER_ID=None EKENOX_USER_HASH=None
PARAMS: user_id_raw=None user_hash=None session_file=None
SESSAO: não consegui resolver user_id por arquivos/ENV.
ACESSO: não resolvido. user_id_raw=None user_hash=None user_id=None
ARGV: ['c:\\Users\\User\\Desktop\\Pyton\\OrdemProducao\\tela_arranjo.py', '--usuario-id', '1']
ENV: EKENOX_USER_ID=None EKENOX_USER_HASH=None
PARAMS: user_id_raw=None user_hash=None session_file=None
SESSAO: não consegui resolver user_id por arquivos/ENV.
ACESSO: não resolvido. user_id_raw=None user_hash=None user_id=None
[2026-01-30 08:23:12] INICIANDO TELA_ARRANJO.PY
[2026-01-30 08:23:13] TABELA ARRANJO OK: "Ekenox"."arranjo"
[2026-01-30 08:23:13] TABELA PRODUTOS OK: "Ekenox"."produtos"
[2026-01-30 08:23:13] RESOLVE: sem user_hash fornecido
[2026-01-30 08:23:21] MENU: iniciado -> ['C:\\Users\\User\\AppData\\Local\\Microsoft\\WindowsApps\\PythonSoftwareFoundation.Python.3.12_qbz5n2kfra8p0\\pythonw.exe', 'c:\\Users\\User\\Desktop\\Pyton\\OrdemProducao\\menu_principal.py', '--skip-entrada']
[2026-01-30 08:24:08] INICIANDO TELA_ARRANJO.PY
[2026-01-30 08:24:08] TABELA ARRANJO OK: "Ekenox"."arranjo"
[2026-01-30 08:24:08] TABELA PRODUTOS OK: "Ekenox"."produtos"
[2026-01-30 08:24:08] RESOLVE: sem user_hash fornecido
[2026-01-30 08:27:25] INICIANDO TELA_ARRANJO.PY
[2026-01-30 08:27:25] TABELA ARRANJO OK: "Ekenox"."arranjo"
[2026-01-30 08:27:25] TABELA PRODUTOS OK: "Ekenox"."arranjo"
[2026-01-30 08:27:25] RESOLVE: sem user_hash fornecido
[2026-01-30 08:27:33] MENU: iniciado -> ['C:\\Users\\User\\AppData\\Local\\Microsoft\\WindowsApps\\PythonSoftwareFoundation.Python.3.12_qbz5n2kfra8p0\\pythonw.exe', 'c:\\Users\\User\\Desktop\\Pyton\\OrdemProducao\\menu_principal.py', '--skip-entrada']
[2026-01-30 08:28:21] INICIANDO TELA_ARRANJO.PY
[2026-01-30 08:28:21] TABELA ARRANJO OK: "Ekenox"."arranjo"
[2026-01-30 08:28:21] TABELA PRODUTOS OK: "Ekenox"."arranjo"
[2026-01-30 08:28:21] RESOLVE: sem user_hash fornecido
[2026-01-30 08:32:12] INICIANDO TELA_ARRANJO.PY
[2026-01-30 08:32:12] TABELA ARRANJO OK: "Ekenox"."arranjo"
[2026-01-30 08:32:13] TABELA PRODUTOS OK: "Ekenox"."arranjo"
[2026-01-30 08:32:13] RESOLVE: sem user_hash fornecido
[2026-01-30 08:46:38] INICIANDO TELA_ARRANJO.PY
[2026-01-30 08:46:39] TABELA ARRANJO OK: "Ekenox"."arranjo"
[2026-01-30 08:46:39] TABELA PRODUTOS OK: "Ekenox"."arranjo"
[2026-01-30 08:46:39] RESOLVE: user_id direto = 1
[2026-01-30 08:46:50] INICIANDO TELA_ARRANJO.PY
[2026-01-30 08:46:50] TABELA ARRANJO OK: "Ekenox"."arranjo"
[2026-01-30 08:46:51] TABELA PRODUTOS OK: "Ekenox"."arranjo"
[2026-01-30 08:46:51] RESOLVE: sem user_hash fornecido
[2026-01-30 08:46:56] MENU: iniciado -> ['C:\\Users\\User\\AppData\\Local\\Microsoft\\WindowsApps\\PythonSoftwareFoundation.Python.3.12_qbz5n2kfra8p0\\pythonw.exe', 'c:\\Users\\User\\Desktop\\Pyton\\OrdemProducao\\menu_principal.py', '--skip-entrada']
[2026-01-30 08:47:25] INICIANDO TELA_ARRANJO.PY
[2026-01-30 08:47:25] TABELA ARRANJO OK: "Ekenox"."arranjo"
[2026-01-30 08:47:25] TABELA PRODUTOS OK: "Ekenox"."arranjo"
[2026-01-30 08:47:25] RESOLVE: user_id direto = 1
[2026-01-30 08:48:19] INICIANDO TELA_ARRANJO.PY
[2026-01-30 08:48:19] TABELA ARRANJO OK: "Ekenox"."arranjo"
[2026-01-30 08:48:19] TABELA PRODUTOS OK: "Ekenox"."arranjo"
[2026-01-30 08:48:19] RESOLVE: user_id direto = 1
[2026-01-30 08:48:24] INICIANDO TELA_ARRANJO.PY
[2026-01-30 08:48:25] TABELA ARRANJO OK: "Ekenox"."arranjo"
[2026-01-30 08:48:25] TABELA PRODUTOS OK: "Ekenox"."arranjo"
[2026-01-30 08:48:25] RESOLVE: user_id direto = 1
[2026-01-30 09:10:57] RESOLVE: user_id via argumento/env = 1
[2026-01-30 09:11:25] RESOLVE: user_id via argumento/env = 1
[2026-01-30 09:11:57] RESOLVE: user_id via argumento/env = 1
[2026-01-30 09:12:52] RESOLVE: user_id via argumento/env = 1
